0 info it worked if it ends with ok
1 verbose cli [ '/usr/local/Cellar/node/6.3.1/bin/node',
1 verbose cli   '/usr/local/bin/npm',
1 verbose cli   'publish',
1 verbose cli   '.' ]
2 info using npm@3.10.5
3 info using node@v6.3.1
4 verbose publish [ '.' ]
5 silly cache add args [ '.', null ]
6 verbose cache add spec .
7 silly cache add parsed spec Result {
7 silly cache add   raw: '.',
7 silly cache add   scope: null,
7 silly cache add   escapedName: null,
7 silly cache add   name: null,
7 silly cache add   rawSpec: '.',
7 silly cache add   spec: '/Users/anuragkondeya/Phonegap/Location/PhonegapLocations',
7 silly cache add   type: 'directory' }
8 verbose addLocalDirectory /Users/anuragkondeya/.npm/streethawklocations/1.8.4/package.tgz not in flight; packing
9 verbose correctMkdir /Users/anuragkondeya/.npm correctMkdir not in flight; initializing
10 info lifecycle streethawklocations@1.8.4~prepublish: streethawklocations@1.8.4
11 silly lifecycle streethawklocations@1.8.4~prepublish: no script for prepublish, continuing
12 verbose tar pack [ '/Users/anuragkondeya/.npm/streethawklocations/1.8.4/package.tgz',
12 verbose tar pack   '/Users/anuragkondeya/Phonegap/Location/PhonegapLocations' ]
13 verbose tarball /Users/anuragkondeya/.npm/streethawklocations/1.8.4/package.tgz
14 verbose folder /Users/anuragkondeya/Phonegap/Location/PhonegapLocations
15 verbose addLocalTarball adding from inside cache /Users/anuragkondeya/.npm/streethawklocations/1.8.4/package.tgz
16 verbose correctMkdir /Users/anuragkondeya/.npm correctMkdir not in flight; initializing
17 silly cache afterAdd streethawklocations@1.8.4
18 verbose afterAdd /Users/anuragkondeya/.npm/streethawklocations/1.8.4/package/package.json not in flight; writing
19 verbose correctMkdir /Users/anuragkondeya/.npm correctMkdir not in flight; initializing
20 verbose afterAdd /Users/anuragkondeya/.npm/streethawklocations/1.8.4/package/package.json written
21 silly publish { name: 'streethawklocations',
21 silly publish   version: '1.8.4',
21 silly publish   description: '## Introduction The repository hosts Phonegap plugin of StreetHawk SDK\'s Locations module. The plugin is required if you wish to trace geo-location update of your App.',
21 silly publish   main: 'index.js',
21 silly publish   scripts: { test: 'echo "Error: no test specified" && exit 1' },
21 silly publish   repository:
21 silly publish    { type: 'git',
21 silly publish      url: 'git+https://github.com/StreetHawkSDK/PhonegapLocations.git' },
21 silly publish   keywords: [],
21 silly publish   author: '',
21 silly publish   license: 'ISC',
21 silly publish   bugs: { url: 'https://github.com/StreetHawkSDK/PhonegapLocations/issues' },
21 silly publish   homepage: 'https://github.com/StreetHawkSDK/PhonegapLocations#readme',
21 silly publish   readme: '# StreetHawk\'s Location Plugin\n\n## Introduction\nThe repository hosts Phonegap plugin of StreetHawk SDK\'s Locations module. The plugin is required if you wish to trace geo-location update of your App.\n\n## Integration Steps\nAdd Location plugin by running the below command.\n```\n$ cd <APPLICATION_DIRECTORY>\n$ cordova plugin add streethawklocations\n```\nNote that Location plugin requires StreetHawk Analytics plugin which can be added by running the below mentioned command\n\n```\ncordova plugin add streethawkanalytics  --variable APP_KEY=<YOUR_APPLICATIONS_APP_KEY> --variable URL_SCHEME=<URL_SCHEME_OF_APP>\n```\nReplace YOUR_APPLICATIONS_APP_KEY with app_key registered with StreetHawk for your application and URL_SCHEME_OF_APP with deeplinking scheme of your application.\n\n## Documentation\nClick [here](https://streethawk.freshdesk.com/solution/articles/5000680134) for detailed documentation of StreetHawk\'s Locations plugin.\n\n## Other StreetHawk Plugins\n* [Growth](https://github.com/StreetHawkSDK/PhonegapGrowth) for Viral and organic growth\n* [Push](https://github.com/StreetHawkSDK/PhonegapPush) Push messaging in your application\n* [Beacon](https://github.com/StreetHawkSDK/PhonegapBeacon) for running beacon based campaigns\n* [Geofence](https://github.com/StreetHawkSDK/PhonegapGeofence) for running geofence based campaigns \n* [Feeds](https://github.com/StreetHawkSDK/PhonegapFeeds) for sending feeds in your application\n\n[Streethawk](http://www.streethawk.com) \n',
21 silly publish   readmeFilename: 'README.md',
21 silly publish   gitHead: '4fa93624edce399785fc61d73c5b2b2da7cda225',
21 silly publish   _id: 'streethawklocations@1.8.4',
21 silly publish   _shasum: 'f36013368ef6e90a422f98f3aa5a3c294aecd9f3',
21 silly publish   _from: '.' }
22 verbose getPublishConfig undefined
23 silly mapToRegistry name streethawklocations
24 silly mapToRegistry using default registry
25 silly mapToRegistry registry https://registry.npmjs.org/
26 silly mapToRegistry data Result {
26 silly mapToRegistry   raw: 'streethawklocations',
26 silly mapToRegistry   scope: null,
26 silly mapToRegistry   escapedName: 'streethawklocations',
26 silly mapToRegistry   name: 'streethawklocations',
26 silly mapToRegistry   rawSpec: '',
26 silly mapToRegistry   spec: 'latest',
26 silly mapToRegistry   type: 'tag' }
27 silly mapToRegistry uri https://registry.npmjs.org/streethawklocations
28 verbose publish registryBase https://registry.npmjs.org/
29 silly publish uploading /Users/anuragkondeya/.npm/streethawklocations/1.8.4/package.tgz
30 verbose request uri https://registry.npmjs.org/streethawklocations
31 verbose request sending authorization for write operation
32 info attempt registry request try #1 at 11:36:47 AM
33 verbose request using bearer token for auth
34 verbose request id 4b609b2e41a390f8
35 http request PUT https://registry.npmjs.org/streethawklocations
36 http 403 https://registry.npmjs.org/streethawklocations
37 verbose headers { 'content-type': 'application/json',
37 verbose headers   'cache-control': 'max-age=300',
37 verbose headers   'content-length': '95',
37 verbose headers   'accept-ranges': 'bytes',
37 verbose headers   date: 'Wed, 07 Dec 2016 00:36:48 GMT',
37 verbose headers   via: '1.1 varnish',
37 verbose headers   connection: 'keep-alive',
37 verbose headers   'x-served-by': 'cache-syd1620-SYD',
37 verbose headers   'x-cache': 'MISS',
37 verbose headers   'x-cache-hits': '0',
37 verbose headers   'x-timer': 'S1481071007.854664,VS0,VE732',
37 verbose headers   vary: 'Accept-Encoding' }
38 verbose request invalidating /Users/anuragkondeya/.npm/registry.npmjs.org/streethawklocations on PUT
39 error publish Failed PUT 403
40 verbose stack Error: "You cannot publish over the previously published version 1.8.4." : streethawklocations
40 verbose stack     at makeError (/usr/local/lib/node_modules/npm/node_modules/npm-registry-client/lib/request.js:264:12)
40 verbose stack     at CachingRegistryClient.<anonymous> (/usr/local/lib/node_modules/npm/node_modules/npm-registry-client/lib/request.js:252:14)
40 verbose stack     at Request._callback (/usr/local/lib/node_modules/npm/node_modules/npm-registry-client/lib/request.js:172:14)
40 verbose stack     at Request.self.callback (/usr/local/lib/node_modules/npm/node_modules/request/request.js:200:22)
40 verbose stack     at emitTwo (events.js:106:13)
40 verbose stack     at Request.emit (events.js:191:7)
40 verbose stack     at Request.<anonymous> (/usr/local/lib/node_modules/npm/node_modules/request/request.js:1067:10)
40 verbose stack     at emitOne (events.js:101:20)
40 verbose stack     at Request.emit (events.js:188:7)
40 verbose stack     at IncomingMessage.<anonymous> (/usr/local/lib/node_modules/npm/node_modules/request/request.js:988:12)
41 verbose statusCode 403
42 verbose pkgid streethawklocations
43 verbose cwd /Users/anuragkondeya/Phonegap/Location/PhonegapLocations
44 error Darwin 16.0.0
45 error argv "/usr/local/Cellar/node/6.3.1/bin/node" "/usr/local/bin/npm" "publish" "."
46 error node v6.3.1
47 error npm  v3.10.5
48 error code E403
49 error "You cannot publish over the previously published version 1.8.4." : streethawklocations
50 error If you need help, you may report this error at:
50 error     <https://github.com/npm/npm/issues>
51 verbose exit [ 1, true ]
